{
    "wallTime": 7,
    "cpuTime": 0,
    "truncated": false,
    "executionModel": "stateless",
    "outcome": "ok",
    "scriptVersion": {
        "id": "525c9ab6-2f03-430d-b190-6a3217cd02db"
    },
    "scriptName": "sunray-worker",
    "diagnosticsChannelEvents": [],
    "exceptions": [],
    "logs": [],
    "eventTimestamp": 1755501676520,
    "event": {
        "request": {
            "url": "https://odoo18-cfed-test-g.pack8s.com/",
            "method": "GET",
            "headers": {
                "accept": "text/html,application/xhtml+xml,application/xml;q=0.9,image/avif,image/webp,image/apng,*/*;q=0.8,application/signed-exchange;v=b3;q=0.7",
                "accept-encoding": "gzip, br",
                "accept-language": "fr-FR,fr;q=0.9,en-US;q=0.8,en;q=0.7",
                "cache-control": "max-age=0",
                "cf-connecting-ip": "178.170.1.44",
                "cf-ipcountry": "FR",
                "cf-ray": "970fa745ea569eec",
                "cf-visitor": "{\"scheme\":\"https\"}",
                "connection": "Keep-Alive",
                "cookie": "REDACTED",
                "host": "odoo18-cfed-test-g.pack8s.com",
                "priority": "u=0, i",
                "referer": "https://odoo18-cfed-test-g.pack8s.com/sunray-wrkr/v1/auth?return_to=%2F",
                "sec-ch-ua": "\"Not;A=Brand\";v=\"99\", \"Google Chrome\";v=\"139\", \"Chromium\";v=\"139\"",
                "sec-ch-ua-mobile": "?0",
                "sec-ch-ua-platform": "\"macOS\"",
                "sec-fetch-dest": "document",
                "sec-fetch-mode": "navigate",
                "sec-fetch-site": "same-origin",
                "sec-fetch-user": "?1",
                "upgrade-insecure-requests": "1",
                "user-agent": "Mozilla/5.0 (Macintosh; Intel Mac OS X 10_15_7) AppleWebKit/537.36 (KHTML, like Gecko) Chrome/139.0.0.0 Safari/537.36",
                "x-forwarded-proto": "https",
                "x-real-ip": "178.170.1.44"
            },
            "cf": {
                "requestHeaderNames": {},
                "httpProtocol": "HTTP/3",
                "tlsCipher": "AEAD-AES128-GCM-SHA256",
                "continent": "EU",
                "asn": 21409,
                "clientAcceptEncoding": "gzip, deflate, br",
                "verifiedBotCategory": "",
                "country": "FR",
                "isEUCountry": "1",
                "region": "Île-de-France",
                "tlsClientCiphersSha1": "",
                "tlsClientAuth": {
                    "certIssuerDNLegacy": "",
                    "certIssuerSKI": "",
                    "certSubjectDNRFC2253": "",
                    "certSubjectDNLegacy": "",
                    "certFingerprintSHA256": "",
                    "certNotBefore": "",
                    "certSKI": "",
                    "certSerial": "",
                    "certIssuerDN": "",
                    "certVerified": "NONE",
                    "certNotAfter": "",
                    "certSubjectDN": "",
                    "certPresented": "0",
                    "certRevoked": "0",
                    "certIssuerSerial": "",
                    "certIssuerDNRFC2253": "",
                    "certFingerprintSHA1": ""
                },
                "tlsClientRandom": "vxJmtuxCBbO6BqJ3hCZYm84Iy89EeGklvAE2Z2yt6Vo=",
                "tlsClientHelloLength": "1972",
                "colo": "CDG",
                "timezone": "Europe/Paris",
                "longitude": "2.14521",
                "latitude": "48.95264",
                "edgeRequestKeepAliveStatus": 1,
                "requestPriority": "",
                "postalCode": "78600",
                "city": "Maisons-Laffitte",
                "tlsVersion": "TLSv1.3",
                "regionCode": "IDF",
                "asOrganization": "SERVERS",
                "tlsClientExtensionsSha1Le": "",
                "tlsClientExtensionsSha1": "b/cgcGN4lDIduGWRMXMKOhUo+hA="
            }
        },
        "response": {
            "status": 302
        }
    }
}
{
    "wallTime": 0,
    "cpuTime": 0,
    "truncated": false,
    "executionModel": "stateless",
    "outcome": "ok",
    "scriptVersion": {
        "id": "525c9ab6-2f03-430d-b190-6a3217cd02db"
    },
    "scriptName": "sunray-worker",
    "diagnosticsChannelEvents": [],
    "exceptions": [],
    "logs": [],
    "eventTimestamp": 1755501676622,
    "event": {
        "request": {
            "url": "https://odoo18-cfed-test-g.pack8s.com/sunray-wrkr/v1/auth?return_to=%2F",
            "method": "GET",
            "headers": {
                "accept": "text/html,application/xhtml+xml,application/xml;q=0.9,image/avif,image/webp,image/apng,*/*;q=0.8,application/signed-exchange;v=b3;q=0.7",
                "accept-encoding": "gzip, br",
                "accept-language": "fr-FR,fr;q=0.9,en-US;q=0.8,en;q=0.7",
                "cache-control": "max-age=0",
                "cf-connecting-ip": "178.170.1.44",
                "cf-ipcountry": "FR",
                "cf-ray": "970fa746da5c9eec",
                "cf-visitor": "{\"scheme\":\"https\"}",
                "connection": "Keep-Alive",
                "cookie": "REDACTED",
                "host": "odoo18-cfed-test-g.pack8s.com",
                "priority": "u=0, i",
                "referer": "https://odoo18-cfed-test-g.pack8s.com/sunray-wrkr/v1/auth?return_to=%2F",
                "sec-ch-ua": "\"Not;A=Brand\";v=\"99\", \"Google Chrome\";v=\"139\", \"Chromium\";v=\"139\"",
                "sec-ch-ua-mobile": "?0",
                "sec-ch-ua-platform": "\"macOS\"",
                "sec-fetch-dest": "document",
                "sec-fetch-mode": "navigate",
                "sec-fetch-site": "same-origin",
                "sec-fetch-user": "?1",
                "upgrade-insecure-requests": "1",
                "user-agent": "Mozilla/5.0 (Macintosh; Intel Mac OS X 10_15_7) AppleWebKit/537.36 (KHTML, like Gecko) Chrome/139.0.0.0 Safari/537.36",
                "x-forwarded-proto": "https",
                "x-real-ip": "178.170.1.44"
            },
            "cf": {
                "requestHeaderNames": {},
                "httpProtocol": "HTTP/3",
                "tlsCipher": "AEAD-AES128-GCM-SHA256",
                "continent": "EU",
                "asn": 21409,
                "clientAcceptEncoding": "gzip, deflate, br",
                "verifiedBotCategory": "",
                "country": "FR",
                "isEUCountry": "1",
                "region": "Île-de-France",
                "tlsClientCiphersSha1": "",
                "tlsClientAuth": {
                    "certIssuerDNLegacy": "",
                    "certIssuerSKI": "",
                    "certSubjectDNRFC2253": "",
                    "certSubjectDNLegacy": "",
                    "certFingerprintSHA256": "",
                    "certNotBefore": "",
                    "certSKI": "",
                    "certSerial": "",
                    "certIssuerDN": "",
                    "certVerified": "NONE",
                    "certNotAfter": "",
                    "certSubjectDN": "",
                    "certPresented": "0",
                    "certRevoked": "0",
                    "certIssuerSerial": "",
                    "certIssuerDNRFC2253": "",
                    "certFingerprintSHA1": ""
                },
                "tlsClientRandom": "vxJmtuxCBbO6BqJ3hCZYm84Iy89EeGklvAE2Z2yt6Vo=",
                "tlsClientHelloLength": "1972",
                "colo": "CDG",
                "timezone": "Europe/Paris",
                "longitude": "2.14521",
                "latitude": "48.95264",
                "edgeRequestKeepAliveStatus": 1,
                "requestPriority": "",
                "postalCode": "78600",
                "city": "Maisons-Laffitte",
                "tlsVersion": "TLSv1.3",
                "regionCode": "IDF",
                "asOrganization": "SERVERS",
                "tlsClientExtensionsSha1Le": "",
                "tlsClientExtensionsSha1": "b/cgcGN4lDIduGWRMXMKOhUo+hA="
            }
        },
        "response": {
            "status": 200
        }
    }
}
{
    "wallTime": 206,
    "cpuTime": 0,
    "truncated": false,
    "executionModel": "stateless",
    "outcome": "ok",
    "scriptVersion": {
        "id": "525c9ab6-2f03-430d-b190-6a3217cd02db"
    },
    "scriptName": "sunray-worker",
    "diagnosticsChannelEvents": [],
    "exceptions": [],
    "logs": [],
    "eventTimestamp": 1755501681658,
    "event": {
        "request": {
            "url": "https://odoo18-cfed-test-g.pack8s.com/sunray-wrkr/v1/auth/challenge",
            "method": "POST",
            "headers": {
                "accept": "*/*",
                "accept-encoding": "gzip, br",
                "accept-language": "fr-FR,fr;q=0.9,en-US;q=0.8,en;q=0.7",
                "cf-connecting-ip": "178.170.1.44",
                "cf-ipcountry": "FR",
                "cf-ray": "970fa7664b199eec",
                "cf-visitor": "{\"scheme\":\"https\"}",
                "connection": "Keep-Alive",
                "content-length": "28",
                "content-type": "application/json",
                "cookie": "REDACTED",
                "host": "odoo18-cfed-test-g.pack8s.com",
                "origin": "https://odoo18-cfed-test-g.pack8s.com",
                "priority": "u=1, i",
                "referer": "https://odoo18-cfed-test-g.pack8s.com/sunray-wrkr/v1/auth?return_to=%2F",
                "sec-ch-ua": "\"Not;A=Brand\";v=\"99\", \"Google Chrome\";v=\"139\", \"Chromium\";v=\"139\"",
                "sec-ch-ua-mobile": "?0",
                "sec-ch-ua-platform": "\"macOS\"",
                "sec-fetch-dest": "empty",
                "sec-fetch-mode": "cors",
                "sec-fetch-site": "same-origin",
                "user-agent": "Mozilla/5.0 (Macintosh; Intel Mac OS X 10_15_7) AppleWebKit/537.36 (KHTML, like Gecko) Chrome/139.0.0.0 Safari/537.36",
                "x-forwarded-proto": "https",
                "x-real-ip": "178.170.1.44"
            },
            "cf": {
                "requestHeaderNames": {},
                "httpProtocol": "HTTP/3",
                "tlsCipher": "AEAD-AES128-GCM-SHA256",
                "continent": "EU",
                "asn": 21409,
                "clientAcceptEncoding": "gzip, deflate, br",
                "verifiedBotCategory": "",
                "country": "FR",
                "isEUCountry": "1",
                "region": "Île-de-France",
                "tlsClientCiphersSha1": "",
                "tlsClientAuth": {
                    "certIssuerDNLegacy": "",
                    "certIssuerSKI": "",
                    "certSubjectDNRFC2253": "",
                    "certSubjectDNLegacy": "",
                    "certFingerprintSHA256": "",
                    "certNotBefore": "",
                    "certSKI": "",
                    "certSerial": "",
                    "certIssuerDN": "",
                    "certVerified": "NONE",
                    "certNotAfter": "",
                    "certSubjectDN": "",
                    "certPresented": "0",
                    "certRevoked": "0",
                    "certIssuerSerial": "",
                    "certIssuerDNRFC2253": "",
                    "certFingerprintSHA1": ""
                },
                "tlsClientRandom": "vxJmtuxCBbO6BqJ3hCZYm84Iy89EeGklvAE2Z2yt6Vo=",
                "tlsClientHelloLength": "1972",
                "colo": "CDG",
                "timezone": "Europe/Paris",
                "longitude": "2.14521",
                "latitude": "48.95264",
                "edgeRequestKeepAliveStatus": 1,
                "requestPriority": "",
                "postalCode": "78600",
                "city": "Maisons-Laffitte",
                "tlsVersion": "TLSv1.3",
                "regionCode": "IDF",
                "asOrganization": "SERVERS",
                "tlsClientExtensionsSha1Le": "",
                "tlsClientExtensionsSha1": "b/cgcGN4lDIduGWRMXMKOhUo+hA="
            }
        },
        "response": {
            "status": 200
        }
    }
}
{
    "wallTime": 195,
    "cpuTime": 2,
    "truncated": false,
    "executionModel": "stateless",
    "outcome": "ok",
    "scriptVersion": {
        "id": "525c9ab6-2f03-430d-b190-6a3217cd02db"
    },
    "scriptName": "sunray-worker",
    "diagnosticsChannelEvents": [],
    "exceptions": [],
    "logs": [
        {
            "message": [
                "[validateSession] Starting validation, cookie length: 268"
            ],
            "level": "log",
            "timestamp": 1755501684355
        },
        {
            "message": [
                "[validateSession] Using secret: custom"
            ],
            "level": "log",
            "timestamp": 1755501684355
        },
        {
            "message": [
                "[validateSession] JWT verified successfully, payload:",
                "{\"sid\":\"2f7d4430-9b7b-4018-896c-13f1791561be\",\"uid\":4,\"usr\":\"Cyril MORISSE\",\"hid\":\"odoo18-cfed-test-g.pack8s.com\",\"iat\":1755501683,\"exp\":1755588083.887}"
            ],
            "level": "log",
            "timestamp": 1755501684355
        },
        {
            "message": [
                "[validateSession] Looking up KV key: session:2f7d4430-9b7b-4018-896c-13f1791561be"
            ],
            "level": "log",
            "timestamp": 1755501684355
        },
        {
            "message": [
                "[validateSession] KV lookup result:",
                "FOUND"
            ],
            "level": "log",
            "timestamp": 1755501684359
        },
        {
            "message": [
                "[validateSession] Session data:",
                "{\"session_id\":\"2f7d4430-9b7b-4018-896c-13f1791561be\",\"username\":\"Cyril MORISSE\",\"host_id\":\"odoo18-cfed-test-g.pack8s.com\",\"is_active\":true,\"expires_at\":1755588083887,\"created_at\":1755501683887}"
            ],
            "level": "log",
            "timestamp": 1755501684359
        },
        {
            "message": [
                "[validateSession] ✓ Session is valid and active"
            ],
            "level": "log",
            "timestamp": 1755501684369
        }
    ],
    "eventTimestamp": 1755501684351,
    "event": {
        "request": {
            "url": "https://odoo18-cfed-test-g.pack8s.com/",
            "method": "GET",
            "headers": {
                "accept": "text/html,application/xhtml+xml,application/xml;q=0.9,image/avif,image/webp,image/apng,*/*;q=0.8,application/signed-exchange;v=b3;q=0.7",
                "accept-encoding": "gzip, br",
                "accept-language": "fr-FR,fr;q=0.9,en-US;q=0.8,en;q=0.7",
                "cf-connecting-ip": "178.170.1.44",
                "cf-ipcountry": "FR",
                "cf-ray": "970fa7772b809eec",
                "cf-visitor": "{\"scheme\":\"https\"}",
                "connection": "Keep-Alive",
                "cookie": "REDACTED",
                "host": "odoo18-cfed-test-g.pack8s.com",
                "priority": "u=0, i",
                "referer": "https://odoo18-cfed-test-g.pack8s.com/sunray-wrkr/v1/auth?return_to=%2F",
                "sec-ch-ua": "\"Not;A=Brand\";v=\"99\", \"Google Chrome\";v=\"139\", \"Chromium\";v=\"139\"",
                "sec-ch-ua-mobile": "?0",
                "sec-ch-ua-platform": "\"macOS\"",
                "sec-fetch-dest": "document",
                "sec-fetch-mode": "navigate",
                "sec-fetch-site": "same-origin",
                "sec-fetch-user": "?1",
                "upgrade-insecure-requests": "1",
                "user-agent": "Mozilla/5.0 (Macintosh; Intel Mac OS X 10_15_7) AppleWebKit/537.36 (KHTML, like Gecko) Chrome/139.0.0.0 Safari/537.36",
                "x-forwarded-proto": "https",
                "x-real-ip": "178.170.1.44"
            },
            "cf": {
                "requestHeaderNames": {},
                "httpProtocol": "HTTP/3",
                "tlsCipher": "AEAD-AES128-GCM-SHA256",
                "continent": "EU",
                "asn": 21409,
                "clientAcceptEncoding": "gzip, deflate, br",
                "verifiedBotCategory": "",
                "country": "FR",
                "isEUCountry": "1",
                "region": "Île-de-France",
                "tlsClientCiphersSha1": "",
                "tlsClientAuth": {
                    "certIssuerDNLegacy": "",
                    "certIssuerSKI": "",
                    "certSubjectDNRFC2253": "",
                    "certSubjectDNLegacy": "",
                    "certFingerprintSHA256": "",
                    "certNotBefore": "",
                    "certSKI": "",
                    "certSerial": "",
                    "certIssuerDN": "",
                    "certVerified": "NONE",
                    "certNotAfter": "",
                    "certSubjectDN": "",
                    "certPresented": "0",
                    "certRevoked": "0",
                    "certIssuerSerial": "",
                    "certIssuerDNRFC2253": "",
                    "certFingerprintSHA1": ""
                },
                "tlsClientRandom": "vxJmtuxCBbO6BqJ3hCZYm84Iy89EeGklvAE2Z2yt6Vo=",
                "tlsClientHelloLength": "1972",
                "colo": "CDG",
                "timezone": "Europe/Paris",
                "longitude": "2.14521",
                "latitude": "48.95264",
                "edgeRequestKeepAliveStatus": 1,
                "requestPriority": "",
                "postalCode": "78600",
                "city": "Maisons-Laffitte",
                "tlsVersion": "TLSv1.3",
                "regionCode": "IDF",
                "asOrganization": "SERVERS",
                "tlsClientExtensionsSha1Le": "",
                "tlsClientExtensionsSha1": "b/cgcGN4lDIduGWRMXMKOhUo+hA="
            }
        },
        "response": {
            "status": 200
        }
    }
}
{
    "wallTime": 47,
    "cpuTime": 0,
    "truncated": false,
    "executionModel": "stateless",
    "outcome": "ok",
    "scriptVersion": {
        "id": "525c9ab6-2f03-430d-b190-6a3217cd02db"
    },
    "scriptName": "sunray-worker",
    "diagnosticsChannelEvents": [],
    "exceptions": [],
    "logs": [
        {
            "message": [
                "[auth/complete] Completing authentication for session: 2f7d4430-9b7b-4018-896c-13f1791561be"
            ],
            "level": "log",
            "timestamp": 1755501684222
        },
        {
            "message": [
                "[auth/complete] Looking up pending session: pending:2f7d4430-9b7b-4018-896c-13f1791561be"
            ],
            "level": "log",
            "timestamp": 1755501684222
        },
        {
            "message": [
                "[auth/complete] Found pending session:",
                {
                    "redirectTo": "/",
                    "cookieCount": 2,
                    "cookiePreview": "[2 cookies]"
                }
            ],
            "level": "log",
            "timestamp": 1755501684231
        },
        {
            "message": [
                "[auth/complete] Cleaned up pending session"
            ],
            "level": "log",
            "timestamp": 1755501684264
        },
        {
            "message": [
                "[auth/complete] Setting cookie 1/2:"
            ],
            "level": "log",
            "timestamp": 1755501684264
        },
        {
            "message": [
                "[auth/complete] - Cookie 1 domain: odoo18-cfed-test-g.pack8s.com"
            ],
            "level": "log",
            "timestamp": 1755501684264
        },
        {
            "message": [
                "[auth/complete] - Cookie 1 name: sunray_session"
            ],
            "level": "log",
            "timestamp": 1755501684264
        },
        {
            "message": [
                "[auth/complete] - Cookie 1 length: 400"
            ],
            "level": "log",
            "timestamp": 1755501684264
        },
        {
            "message": [
                "[auth/complete] - Cookie 1 secure: true"
            ],
            "level": "log",
            "timestamp": 1755501684264
        },
        {
            "message": [
                "[auth/complete] - Cookie 1 samesite: Lax"
            ],
            "level": "log",
            "timestamp": 1755501684264
        },
        {
            "message": [
                "[auth/complete] Setting cookie 2/2:"
            ],
            "level": "log",
            "timestamp": 1755501684264
        },
        {
            "message": [
                "[auth/complete] - Cookie 2 domain: odoo18-cfed-test-g.pack8s.com"
            ],
            "level": "log",
            "timestamp": 1755501684264
        },
        {
            "message": [
                "[auth/complete] - Cookie 2 name: sunray_sublimation"
            ],
            "level": "log",
            "timestamp": 1755501684264
        },
        {
            "message": [
                "[auth/complete] - Cookie 2 length: 262"
            ],
            "level": "log",
            "timestamp": 1755501684264
        },
        {
            "message": [
                "[auth/complete] - Cookie 2 secure: true"
            ],
            "level": "log",
            "timestamp": 1755501684264
        },
        {
            "message": [
                "[auth/complete] - Cookie 2 samesite: Lax"
            ],
            "level": "log",
            "timestamp": 1755501684264
        },
        {
            "message": [
                "[auth/complete] ✓ Redirecting to / with 2 cookies"
            ],
            "level": "log",
            "timestamp": 1755501684264
        }
    ],
    "eventTimestamp": 1755501684222,
    "event": {
        "request": {
            "url": "https://odoo18-cfed-test-g.pack8s.com/sunray-wrkr/v1/auth/complete?sid=REDACTED",
            "method": "GET",
            "headers": {
                "accept": "text/html,application/xhtml+xml,application/xml;q=0.9,image/avif,image/webp,image/apng,*/*;q=0.8,application/signed-exchange;v=b3;q=0.7",
                "accept-encoding": "gzip, br",
                "accept-language": "fr-FR,fr;q=0.9,en-US;q=0.8,en;q=0.7",
                "cf-connecting-ip": "178.170.1.44",
                "cf-ipcountry": "FR",
                "cf-ray": "970fa7765b579eec",
                "cf-visitor": "{\"scheme\":\"https\"}",
                "connection": "Keep-Alive",
                "cookie": "REDACTED",
                "host": "odoo18-cfed-test-g.pack8s.com",
                "priority": "u=0, i",
                "referer": "https://odoo18-cfed-test-g.pack8s.com/sunray-wrkr/v1/auth?return_to=%2F",
                "sec-ch-ua": "\"Not;A=Brand\";v=\"99\", \"Google Chrome\";v=\"139\", \"Chromium\";v=\"139\"",
                "sec-ch-ua-mobile": "?0",
                "sec-ch-ua-platform": "\"macOS\"",
                "sec-fetch-dest": "document",
                "sec-fetch-mode": "navigate",
                "sec-fetch-site": "same-origin",
                "sec-fetch-user": "?1",
                "upgrade-insecure-requests": "1",
                "user-agent": "Mozilla/5.0 (Macintosh; Intel Mac OS X 10_15_7) AppleWebKit/537.36 (KHTML, like Gecko) Chrome/139.0.0.0 Safari/537.36",
                "x-forwarded-proto": "https",
                "x-real-ip": "178.170.1.44"
            },
            "cf": {
                "requestHeaderNames": {},
                "httpProtocol": "HTTP/3",
                "tlsCipher": "AEAD-AES128-GCM-SHA256",
                "continent": "EU",
                "asn": 21409,
                "clientAcceptEncoding": "gzip, deflate, br",
                "verifiedBotCategory": "",
                "country": "FR",
                "isEUCountry": "1",
                "region": "Île-de-France",
                "tlsClientCiphersSha1": "",
                "tlsClientAuth": {
                    "certIssuerDNLegacy": "",
                    "certIssuerSKI": "",
                    "certSubjectDNRFC2253": "",
                    "certSubjectDNLegacy": "",
                    "certFingerprintSHA256": "",
                    "certNotBefore": "",
                    "certSKI": "",
                    "certSerial": "",
                    "certIssuerDN": "",
                    "certVerified": "NONE",
                    "certNotAfter": "",
                    "certSubjectDN": "",
                    "certPresented": "0",
                    "certRevoked": "0",
                    "certIssuerSerial": "",
                    "certIssuerDNRFC2253": "",
                    "certFingerprintSHA1": ""
                },
                "tlsClientRandom": "vxJmtuxCBbO6BqJ3hCZYm84Iy89EeGklvAE2Z2yt6Vo=",
                "tlsClientHelloLength": "1972",
                "colo": "CDG",
                "timezone": "Europe/Paris",
                "longitude": "2.14521",
                "latitude": "48.95264",
                "edgeRequestKeepAliveStatus": 1,
                "requestPriority": "",
                "postalCode": "78600",
                "city": "Maisons-Laffitte",
                "tlsVersion": "TLSv1.3",
                "regionCode": "IDF",
                "asOrganization": "SERVERS",
                "tlsClientExtensionsSha1Le": "",
                "tlsClientExtensionsSha1": "b/cgcGN4lDIduGWRMXMKOhUo+hA="
            }
        },
        "response": {
            "status": 302
        }
    }
}
{
    "wallTime": 392,
    "cpuTime": 2,
    "truncated": false,
    "executionModel": "stateless",
    "outcome": "ok",
    "scriptVersion": {
        "id": "525c9ab6-2f03-430d-b190-6a3217cd02db"
    },
    "scriptName": "sunray-worker",
    "diagnosticsChannelEvents": [],
    "exceptions": [],
    "logs": [
        {
            "message": [
                "[createSessionCookie] Created cookie:",
                {
                    "domain": "odoo18-cfed-test-g.pack8s.com",
                    "expires": "Tue, 19 Aug 2025 07:21:23 GMT",
                    "secure": true,
                    "jwtLength": 268,
                    "cookieLength": 400,
                    "preview": "sunray_session=eyJhbGciOiJIUzI1NiJ9.eyJzaWQiOiIyZjdkNDQzMC05YjdiLTQwMTgtODk2Yy0xM2YxNzkxNTYxYmUiLCJ1..."
                }
            ],
            "level": "log",
            "timestamp": 1755501684040
        },
        {
            "message": [
                "[WAF Bypass] Setting session cookie 1/1 with domain: odoo18-cfed-test-g.pack8s.com"
            ],
            "level": "log",
            "timestamp": 1755501684040
        },
        {
            "message": [
                "[WAF Bypass Check] Host: odoo18-cfed-test-g.pack8s.com, Config found: true, WAF bypass enabled: true"
            ],
            "level": "log",
            "timestamp": 1755501684065
        },
        {
            "message": [
                "[createWAFBypassCookie] Starting cookie creation:",
                {
                    "sessionIdLength": 36,
                    "sessionIdPreview": "2f7d4430...",
                    "clientIP": "178.170.1.44",
                    "userAgentLength": 117,
                    "userAgentPreview": "Mozilla/5.0 (Macintosh; Intel Mac OS X 10_15_7) Ap...",
                    "timestamp": 1755501684,
                    "secretSource": "SESSION_SECRET"
                }
            ],
            "level": "log",
            "timestamp": 1755501684065
        },
        {
            "message": [
                "[createWAFBypassCookie] Generated hashes:",
                {
                    "sessionHash": "709ee6e3",
                    "ipHash": "2e8a36fb",
                    "uaHash": "75127220",
                    "timestamp": 1755501684
                }
            ],
            "level": "log",
            "timestamp": 1755501684065
        },
        {
            "message": [
                "[createWAFBypassCookie] HMAC data and result:",
                {
                    "dataString": "709ee6e3:2e8a36fb:75127220:1755501684",
                    "hmacLength": 64,
                    "hmacPreview": "74953cf4c2604889..."
                }
            ],
            "level": "log",
            "timestamp": 1755501684065
        },
        {
            "message": [
                "[createWAFBypassCookie] Final cookie value:",
                {
                    "cookieValueLength": 136,
                    "cookieValuePreview": "NzA5ZWU2ZTM6MmU4YTM2ZmI6NzUxMj..."
                }
            ],
            "level": "log",
            "timestamp": 1755501684065
        },
        {
            "message": [
                "[createSublimationCookie] Creating WAF bypass cookie:",
                {
                    "domain": "odoo18-cfed-test-g.pack8s.com",
                    "expires": "Tue, 19 Aug 2025 07:21:23 GMT",
                    "secure": true,
                    "valueLength": 136,
                    "cookieLength": 262,
                    "hasHttpOnly": false,
                    "cookieName": "sunray_sublimation",
                    "valuePreview": "NzA5ZWU2ZTM6MmU4YTM2...",
                    "cookiePreview": "sunray_sublimation=NzA5ZWU2ZTM6MmU4YTM2ZmI6NzUxMjcyMjA6MTc1NTUwMTY4NDo3NDk1M2NmNGMyNjA0ODg5NzhkZWJjM..."
                }
            ],
            "level": "log",
            "timestamp": 1755501684065
        },
        {
            "message": [
                "[WAF Bypass] Setting WAF bypass cookie 2/2:"
            ],
            "level": "log",
            "timestamp": 1755501684065
        },
        {
            "message": [
                "[WAF Bypass] - Cookie domain: odoo18-cfed-test-g.pack8s.com"
            ],
            "level": "log",
            "timestamp": 1755501684065
        },
        {
            "message": [
                "[WAF Bypass] - Cookie value length: 136"
            ],
            "level": "log",
            "timestamp": 1755501684065
        },
        {
            "message": [
                "[WAF Bypass] - Cookie value preview: NzA5ZWU2ZTM6MmU4YTM2..."
            ],
            "level": "log",
            "timestamp": 1755501684065
        },
        {
            "message": [
                "[WAF Bypass] - Cookie full string length: 262"
            ],
            "level": "log",
            "timestamp": 1755501684065
        },
        {
            "message": [
                "[WAF Bypass] - Cookie expires: 2025-08-19T07:21:23.887Z"
            ],
            "level": "log",
            "timestamp": 1755501684065
        },
        {
            "message": [
                "[WAF Bypass] - Total cookies to set: 2"
            ],
            "level": "log",
            "timestamp": 1755501684065
        },
        {
            "message": [
                "Session created: 2f7d4430-9b7b-4018-896c-13f1791561be, pending redirect to: /"
            ],
            "level": "log",
            "timestamp": 1755501684102
        }
    ],
    "eventTimestamp": 1755501683725,
    "event": {
        "request": {
            "url": "https://odoo18-cfed-test-g.pack8s.com/sunray-wrkr/v1/auth/verify",
            "method": "POST",
            "headers": {
                "accept": "*/*",
                "accept-encoding": "gzip, br",
                "accept-language": "fr-FR,fr;q=0.9,en-US;q=0.8,en;q=0.7",
                "cf-connecting-ip": "178.170.1.44",
                "cf-ipcountry": "FR",
                "cf-ray": "970fa7733b469eec",
                "cf-visitor": "{\"scheme\":\"https\"}",
                "connection": "Keep-Alive",
                "content-length": "665",
                "content-type": "application/json",
                "cookie": "REDACTED",
                "host": "odoo18-cfed-test-g.pack8s.com",
                "origin": "https://odoo18-cfed-test-g.pack8s.com",
                "priority": "u=1, i",
                "referer": "https://odoo18-cfed-test-g.pack8s.com/sunray-wrkr/v1/auth?return_to=%2F",
                "sec-ch-ua": "\"Not;A=Brand\";v=\"99\", \"Google Chrome\";v=\"139\", \"Chromium\";v=\"139\"",
                "sec-ch-ua-mobile": "?0",
                "sec-ch-ua-platform": "\"macOS\"",
                "sec-fetch-dest": "empty",
                "sec-fetch-mode": "cors",
                "sec-fetch-site": "same-origin",
                "user-agent": "Mozilla/5.0 (Macintosh; Intel Mac OS X 10_15_7) AppleWebKit/537.36 (KHTML, like Gecko) Chrome/139.0.0.0 Safari/537.36",
                "x-forwarded-proto": "https",
                "x-real-ip": "178.170.1.44"
            },
            "cf": {
                "requestHeaderNames": {},
                "httpProtocol": "HTTP/3",
                "tlsCipher": "AEAD-AES128-GCM-SHA256",
                "continent": "EU",
                "asn": 21409,
                "clientAcceptEncoding": "gzip, deflate, br",
                "verifiedBotCategory": "",
                "country": "FR",
                "isEUCountry": "1",
                "region": "Île-de-France",
                "tlsClientCiphersSha1": "",
                "tlsClientAuth": {
                    "certIssuerDNLegacy": "",
                    "certIssuerSKI": "",
                    "certSubjectDNRFC2253": "",
                    "certSubjectDNLegacy": "",
                    "certFingerprintSHA256": "",
                    "certNotBefore": "",
                    "certSKI": "",
                    "certSerial": "",
                    "certIssuerDN": "",
                    "certVerified": "NONE",
                    "certNotAfter": "",
                    "certSubjectDN": "",
                    "certPresented": "0",
                    "certRevoked": "0",
                    "certIssuerSerial": "",
                    "certIssuerDNRFC2253": "",
                    "certFingerprintSHA1": ""
                },
                "tlsClientRandom": "vxJmtuxCBbO6BqJ3hCZYm84Iy89EeGklvAE2Z2yt6Vo=",
                "tlsClientHelloLength": "1972",
                "colo": "CDG",
                "timezone": "Europe/Paris",
                "longitude": "2.14521",
                "latitude": "48.95264",
                "edgeRequestKeepAliveStatus": 1,
                "requestPriority": "",
                "postalCode": "78600",
                "city": "Maisons-Laffitte",
                "tlsVersion": "TLSv1.3",
                "regionCode": "IDF",
                "asOrganization": "SERVERS",
                "tlsClientExtensionsSha1Le": "",
                "tlsClientExtensionsSha1": "b/cgcGN4lDIduGWRMXMKOhUo+hA="
            }
        },
        "response": {
            "status": 200
        }
    }
}
