
 ⛅️ wrangler 3.114.13 (update available 4.29.1)
-----------------------------------------------

[33m▲ [43;33m[[43;30mWARNING[43;33m][0m [1mThe version of Wrangler you are using is now out-of-date.[0m

  Please update to the latest version to prevent critical errors.
  Run `npm install --save-dev wrangler@4` to update to the latest version.
  After installation, run Wrangler with `npx wrangler`.


Using vars defined in .dev.vars
Your Worker and resources are simulated locally via Miniflare. For more information, see: https://developers.cloudflare.com/workers/testing/local-development.

Your worker has access to the following bindings:
- KV Namespaces:
  - CONFIG_CACHE: fb646bf577ba4cc2a2a829da6ac71360 [simulated locally]
  - SESSIONS: de7d498963df4647aa6fef97197cd4a8 [simulated locally]
  - CHALLENGES: 85570b37da5d4e63a99ec07f2d173f7a [simulated locally]
  - CONTROL_SIGNALS: control_signals_preview_id [simulated locally]
- Vars:
  - ADMIN_API_ENDPOINT: "https://sunray-server-dev-cyril.pack8..."
  - RP_ID: "odoo18-cfed-test-g.pack8s.com"
  - RP_NAME: "Sunray Authentication"
  - CACHE_TTL: "300"
  - SESSION_TTL: "86400"
  - CHALLENGE_TTL: "300"
  - WORKER_ID: "sunray-worker-001"
  - LOG_LEVEL: "error"
  - routes: [
 {
  "pattern": "*odoo18-cfed-test-g.pack8s.com/*",
  "zone_name": "pack8s.com"
 }
]
  - ADMIN_API_KEY: "(hidden)"
  - SESSION_SECRET: "(hidden)"
⎔ Starting local server...
[wrangler:inf] Ready on http://localhost:8787
Processing signal invalidate:config:all v1755185283554
Configuration cache cleared
Successfully processed signal invalidate:config:all v1755185283554
[wrangler:inf] POST /sunray-wrkr/v1/cache/invalidate 200 OK (15ms)
Processing signal invalidate:host:example.com v1755185291920
Clearing cache for host: example.com
Configuration cache cleared
Successfully processed signal invalidate:host:example.com v1755185291920
[wrangler:inf] POST /sunray-wrkr/v1/cache/invalidate 200 OK (30ms)
Processing signal invalidate:user:testuser v1755185300866
Clearing sessions for user: testuser
Successfully processed signal invalidate:user:testuser v1755185300866
[wrangler:inf] POST /sunray-wrkr/v1/cache/invalidate 200 OK (34ms)
Processing signal invalidate:global:all v1755185307552
Clearing all caches
Configuration cache cleared
Successfully processed signal invalidate:global:all v1755185307552
[wrangler:inf] POST /sunray-wrkr/v1/cache/invalidate 200 OK (5ms)
[wrangler:inf] POST /sunray-wrkr/v1/cache/invalidate 400 Bad Request (2ms)
[wrangler:inf] POST /sunray-wrkr/v1/cache/invalidate 400 Bad Request (1ms)
